<?xml version="1.0" encoding="UTF-8"?>
<!-- Generated by org.testng.reporters.JUnitReportReporter -->
<testsuite skipped="0" hostname="DESKTOP-EK9RDA5" name="myRunner.TestRunner" tests="1" failures="0" timestamp="29 Jan 2018 03:01:15 GMT" time="22.176" errors="0">
  <testcase name="feature" time="22.176" classname="myRunner.TestRunner"/>
</testsuite> <!-- myRunner.TestRunner -->
